<?xml version="1.0" encoding="UTF-8"?>
<testsuite xmlns:xsi="http://www.w3.org/2001/XMLSchema-instance" xsi:noNamespaceSchemaLocation="https://maven.apache.org/surefire/maven-surefire-plugin/xsd/surefire-test-report.xsd" name="com.keithecker.theonesdk.TheOneSDKTest" time="1.823" tests="4" errors="0" skipped="0" failures="0">
  <properties>
[...]
</properties>
  <testcase name="testGetAllBooks" classname="com.keithecker.theonesdk.TheOneSDKTest" time="1.371"/>
  <testcase name="testGetAllBooksFiltered" classname="com.keithecker.theonesdk.TheOneSDKTest" time="0.127"/>
  <testcase name="testGetAllBooksPagination" classname="com.keithecker.theonesdk.TheOneSDKTest" time="0.125"/>
  <testcase name="testGetAllBooksSorted" classname="com.keithecker.theonesdk.TheOneSDKTest" time="0.13"/>
</testsuite>